<?xml version="1.0" encoding="UTF-8"?>
<testsuite name="com.blogapp.demo.security.JWTServiceTests" tests="1" skipped="0" failures="0" errors="0" timestamp="2024-06-10T04:58:16" hostname="liferay-i6t6s3j4" time="0.389">
  <properties/>
  <testcase name="canCreateJWTFromUserId()" classname="com.blogapp.demo.security.JWTServiceTests" time="0.389"/>
  <system-out><![CDATA[10:28:13.609 [Test worker] INFO org.springframework.test.context.support.AnnotationConfigContextLoaderUtils -- Could not detect default configuration classes for test class [com.blogapp.demo.security.JWTServiceTests]: JWTServiceTests does not declare any static, non-private, non-final, nested classes annotated with @Configuration.
10:28:13.670 [Test worker] INFO org.springframework.boot.test.context.SpringBootTestContextBootstrapper -- Found @SpringBootConfiguration com.blogapp.demo.BlogAppApplication for test class com.blogapp.demo.security.JWTServiceTests

  .   ____          _            __ _ _
 /\\ / ___'_ __ _ _(_)_ __  __ _ \ \ \ \
( ( )\___ | '_ | '_| | '_ \/ _` | \ \ \ \
 \\/  ___)| |_)| | | | | || (_| |  ) ) ) )
  '  |____| .__|_| |_|_| |_\__, | / / / /
 =========|_|==============|___/=/_/_/_/
 :: Spring Boot ::                (v3.2.4)

2024-06-10T10:28:13.952+05:30  INFO 42658 --- [    Test worker] c.blogapp.demo.security.JWTServiceTests  : Starting JWTServiceTests using Java 17.0.10 with PID 42658 (started by me in /home/me/self_doc/springboot/Blog app/demo)
2024-06-10T10:28:13.954+05:30  INFO 42658 --- [    Test worker] c.blogapp.demo.security.JWTServiceTests  : No active profile set, falling back to 1 default profile: "default"
2024-06-10T10:28:14.586+05:30  INFO 42658 --- [    Test worker] .s.d.r.c.RepositoryConfigurationDelegate : Bootstrapping Spring Data JPA repositories in DEFAULT mode.
2024-06-10T10:28:14.627+05:30  INFO 42658 --- [    Test worker] .s.d.r.c.RepositoryConfigurationDelegate : Finished Spring Data repository scanning in 36 ms. Found 3 JPA repository interfaces.
2024-06-10T10:28:14.910+05:30  INFO 42658 --- [    Test worker] o.hibernate.jpa.internal.util.LogHelper  : HHH000204: Processing PersistenceUnitInfo [name: default]
2024-06-10T10:28:14.935+05:30  INFO 42658 --- [    Test worker] org.hibernate.Version                    : HHH000412: Hibernate ORM core version 6.4.4.Final
2024-06-10T10:28:14.951+05:30  INFO 42658 --- [    Test worker] o.h.c.internal.RegionFactoryInitiator    : HHH000026: Second-level cache disabled
2024-06-10T10:28:15.070+05:30  INFO 42658 --- [    Test worker] o.s.o.j.p.SpringPersistenceUnitInfo      : No LoadTimeWeaver setup: ignoring JPA class transformer
2024-06-10T10:28:15.083+05:30  INFO 42658 --- [    Test worker] com.zaxxer.hikari.HikariDataSource       : HikariPool-1 - Starting...
2024-06-10T10:28:15.201+05:30  INFO 42658 --- [    Test worker] com.zaxxer.hikari.pool.HikariPool        : HikariPool-1 - Added connection conn0: url=jdbc:h2:file:./blog_app user=
2024-06-10T10:28:15.202+05:30  INFO 42658 --- [    Test worker] com.zaxxer.hikari.HikariDataSource       : HikariPool-1 - Start completed.
2024-06-10T10:28:15.630+05:30  INFO 42658 --- [    Test worker] o.h.e.t.j.p.i.JtaPlatformInitiator       : HHH000489: No JTA platform available (set 'hibernate.transaction.jta.platform' to enable JTA platform integration)
2024-06-10T10:28:15.660+05:30  INFO 42658 --- [    Test worker] j.LocalContainerEntityManagerFactoryBean : Initialized JPA EntityManagerFactory for persistence unit 'default'
2024-06-10T10:28:15.948+05:30  WARN 42658 --- [    Test worker] JpaBaseConfiguration$JpaWebConfiguration : spring.jpa.open-in-view is enabled by default. Therefore, database queries may be performed during view rendering. Explicitly configure spring.jpa.open-in-view to disable this warning
2024-06-10T10:28:15.960+05:30  WARN 42658 --- [    Test worker] .s.s.UserDetailsServiceAutoConfiguration : 

Using generated security password: 1bd3be62-fe42-49f8-a71b-08b35e9f8010

This generated password is for development use only. Your security configuration must be updated before running your application in production.

2024-06-10T10:28:16.156+05:30  INFO 42658 --- [    Test worker] o.s.s.web.DefaultSecurityFilterChain     : Will secure any request with [org.springframework.security.web.session.DisableEncodeUrlFilter@5a0f5567, org.springframework.security.web.context.request.async.WebAsyncManagerIntegrationFilter@106f0051, org.springframework.security.web.context.SecurityContextHolderFilter@31b4c003, org.springframework.security.web.header.HeaderWriterFilter@49318c2a, org.springframework.security.web.authentication.logout.LogoutFilter@3d5b2c1e, org.springframework.security.web.savedrequest.RequestCacheAwareFilter@e00c94e, org.springframework.security.web.servletapi.SecurityContextHolderAwareRequestFilter@b2db8bc, org.springframework.security.web.authentication.AnonymousAuthenticationFilter@4fe687b5, org.springframework.security.web.access.ExceptionTranslationFilter@76e10574, org.springframework.security.web.access.intercept.AuthorizationFilter@3dceec83]
2024-06-10T10:28:16.497+05:30  INFO 42658 --- [    Test worker] c.blogapp.demo.security.JWTServiceTests  : Started JWTServiceTests in 2.74 seconds (process running for 3.303)
]]></system-out>
  <system-err><![CDATA[]]></system-err>
</testsuite>
